<?xml version="1.0" encoding="UTF-8"?>
<!-- Generated by org.testng.reporters.JUnitReportReporter -->
<testsuite hostname="DESKTOP-CU19IAP" name="com.training.sanity.tests.LoginAdmin_CategoriesTests" tests="1" failures="0" timestamp="11 Sep 2019 10:51:24 GMT" time="15.437" errors="0">
  <testcase name="validLoginTest" time="15.437" classname="com.training.sanity.tests.LoginAdmin_CategoriesTests"/>
</testsuite> <!-- com.training.sanity.tests.LoginAdmin_CategoriesTests -->
