<?xml version="1.0" encoding="UTF-8"?>
<!-- Generated by org.testng.reporters.JUnitReportReporter -->
<testsuite hostname="DESKTOP-CU19IAP" name="com.training.sanity.tests.AddProductTest" tests="1" failures="0" timestamp="7 Sep 2019 16:34:30 GMT" time="55.877" errors="0">
  <testcase name="validLoginTest" time="55.877" classname="com.training.sanity.tests.AddProductTest"/>
</testsuite> <!-- com.training.sanity.tests.AddProductTest -->
