<?xml version="1.0" encoding="UTF-8"?>
<!-- Generated by org.testng.reporters.JUnitReportReporter -->
<testsuite hostname="DESKTOP-CU19IAP" name="com.training.sanity.tests.LoginTests" tests="1" failures="0" timestamp="11 Sep 2019 10:51:24 GMT" time="44.784" errors="0">
  <testcase name="validLoginTest" time="44.784" classname="com.training.sanity.tests.LoginTests"/>
</testsuite> <!-- com.training.sanity.tests.LoginTests -->
