<?xml version="1.0" encoding="UTF-8"?>
<!-- Generated by org.testng.reporters.JUnitReportReporter -->
<testsuite hostname="DESKTOP-CU19IAP" name="com.training.sanity.tests.LoginTests" tests="1" failures="0" timestamp="6 Sep 2019 09:49:19 GMT" time="20.936" errors="0">
  <testcase name="validLoginTest" time="20.936" classname="com.training.sanity.tests.LoginTests"/>
</testsuite> <!-- com.training.sanity.tests.LoginTests -->
